app/build/outputs/logs/manifest-merger-debug-report.txt
-- Merging decision tree log ---
manifest
ADDED from src/main/AndroidManifest.xml:18:1-33:12
INJECTED from src/main/AndroidManifest.xml:18:1-33:12
INJECTED from src/main/AndroidManifest.xml:18:1-33:12
INJECTED from src/main/AndroidManifest.xml:18:1-33:12
MERGED from [androidx.test.espresso:espresso-idling-resource:3.3.0-alpha04] AndroidManifest.xml:17:1-24:12
INJECTED from src/main/AndroidManifest.xml:18:1-33:12
INJECTED from src/main/AndroidManifest.xml:18:1-33:12
INJECTED from src/main/AndroidManifest.xml:18:1-33:12
	package
		ADDED from src/main/AndroidManifest.xml:19:5-72
		INJECTED from src/main/AndroidManifest.xml
		INJECTED from src/main/AndroidManifest.xml
	android:versionName
		INJECTED from src/main/AndroidManifest.xml
		ADDED from src/main/AndroidManifest.xml:18:1-33:12
		INJECTED from src/main/AndroidManifest.xml
	android:versionCode
		INJECTED from src/main/AndroidManifest.xml
		ADDED from src/main/AndroidManifest.xml:18:1-33:12
		INJECTED from src/main/AndroidManifest.xml
	xmlns:android
		ADDED from src/main/AndroidManifest.xml:18:11-69
application
ADDED from src/main/AndroidManifest.xml:20:5-31:19
	android:label
		ADDED from src/main/AndroidManifest.xml:21:9-41
	android:icon
		ADDED from src/main/AndroidManifest.xml:20:18-54
	android:theme
		ADDED from src/main/AndroidManifest.xml:22:9-40
activity#com.example.android.testing.espresso.IdlingResourceSample.MainActivity
ADDED from src/main/AndroidManifest.xml:23:9-30:20
	android:label
		ADDED from src/main/AndroidManifest.xml:25:13-45
	android:name
		ADDED from src/main/AndroidManifest.xml:24:13-98
intent-filter#action:name:android.intent.action.MAIN+category:name:android.intent.category.LAUNCHER
ADDED from src/main/AndroidManifest.xml:26:13-29:29
action#android.intent.action.MAIN
ADDED from src/main/AndroidManifest.xml:27:17-69
	android:name
		ADDED from src/main/AndroidManifest.xml:27:25-66
category#android.intent.category.LAUNCHER
ADDED from src/main/AndroidManifest.xml:28:17-77
	android:name
		ADDED from src/main/AndroidManifest.xml:28:27-74
uses-sdk
INJECTED from src/main/AndroidManifest.xml reason: use-sdk injection requested
INJECTED from src/main/AndroidManifest.xml
INJECTED from src/main/AndroidManifest.xml
MERGED from [androidx.test.espresso:espresso-idling-resource:3.3.0-alpha04] AndroidManifest.xml:20:5-22:41
MERGED from [androidx.test.espresso:espresso-idling-resource:3.3.0-alpha04] AndroidManifest.xml:20:5-22:41
INJECTED from src/main/AndroidManifest.xml
INJECTED from src/main/AndroidManifest.xml
	android:targetSdkVersion
		INJECTED from src/main/AndroidManifest.xml
		ADDED from src/main/AndroidManifest.xml
		INJECTED from src/main/AndroidManifest.xml
	android:minSdkVersion
		INJECTED from src/main/AndroidManifest.xml
		ADDED from src/main/AndroidManifest.xml
		INJECTED from src/main/AndroidManifest.xml